<?xml version="1.0" encoding="UTF-8"?>
<coverage generated="1755873119539" clover="3.2.0">
  <project timestamp="1755873119539" name="All files">
    <metrics statements="9" coveredstatements="4" conditionals="2" coveredconditionals="1" methods="2" coveredmethods="1" elements="13" coveredelements="6" complexity="0" loc="9" ncloc="9" packages="1" files="2" classes="2"/>
    <file name="index.ts" path="/Users/ivanapizzo/Desktop/Carpeta Madre/training/training-node/training/src/index.ts">
      <metrics statements="5" coveredstatements="0" conditionals="1" coveredconditionals="0" methods="1" coveredmethods="0"/>
      <line num="1" count="0" type="cond" truecount="0" falsecount="1"/>
      <line num="2" count="0" type="stmt"/>
      <line num="3" count="0" type="stmt"/>
      <line num="4" count="0" type="stmt"/>
      <line num="5" count="0" type="stmt"/>
    </file>
    <file name="toUppercase.ts" path="/Users/ivanapizzo/Desktop/Carpeta Madre/training/training-node/training/src/toUppercase.ts">
      <metrics statements="4" coveredstatements="4" conditionals="1" coveredconditionals="1" methods="1" coveredmethods="1"/>
      <line num="3" count="1" type="cond" truecount="1" falsecount="0"/>
      <line num="4" count="2" type="stmt"/>
      <line num="5" count="2" type="stmt"/>
      <line num="7" count="1" type="stmt"/>
    </file>
  </project>
</coverage>
